<?xml version="1.0" encoding="UTF-8"?>
<testng-results ignored="0" total="1" passed="1" failed="0" skipped="0">
  <reporter-output>
  </reporter-output>
  <suite started-at="2025-09-22T17:57:55 EEST" name="Suite" finished-at="2025-09-22T17:58:47 EEST" duration-ms="52496">
    <groups>
    </groups>
    <test started-at="2025-09-22T17:57:55 EEST" name="APIs_Test" finished-at="2025-09-22T17:58:47 EEST" duration-ms="52496">
      <class name="CheckingIdRemoved">
        <test-method signature="checkIdRemoved()[pri:0, instance:CheckingIdRemoved@742ff096]" started-at="2025-09-22T17:57:55 EEST" name="checkIdRemoved" finished-at="2025-09-22T17:58:47 EEST" duration-ms="52326" status="PASS">
          <reporter-output>
          </reporter-output>
        </test-method> <!-- checkIdRemoved -->
      </class> <!-- CheckingIdRemoved -->
    </test> <!-- APIs_Test -->
  </suite> <!-- Suite -->
</testng-results>
