<?xml version="1.0" encoding="UTF-8"?>
<testsuite xmlns:xsi="http://www.w3.org/2001/XMLSchema-instance" xsi:noNamespaceSchemaLocation="https://maven.apache.org/surefire/maven-surefire-plugin/xsd/surefire-test-report.xsd" version="3.0.2" name="TestSuite" time="53.408" tests="1" errors="0" skipped="0" failures="0">
  <properties>
[...]
</properties>
  <testcase name="checkIdRemoved" classname="CheckingIdRemoved" time="52.443">
    <system-out><![CDATA[Data after booking:
{
    "bookingid": 3881,
    "booking": {
        "firstname": "Anas",
        "lastname": "Musta",
        "totalprice": 100,
        "depositpaid": true,
        "bookingdates": {
            "checkin": "2025-10-21",
            "checkout": "2025-11-20"
        }
    }
}

Check ID Data:
{
    "firstname": "Anas",
    "lastname": "Musta",
    "totalprice": 100,
    "depositpaid": true,
    "bookingdates": {
        "checkin": "2025-10-21",
        "checkout": "2025-11-20"
    }
}

Check new Data:
{
    "firstname": "Musta",
    "lastname": "Anas",
    "totalprice": 500,
    "depositpaid": false,
    "bookingdates": {
        "checkin": "2026-10-21",
        "checkout": "2026-11-20"
    }
}

ID Deleted
After checking ID is NOT found
]]></system-out>
    <system-err><![CDATA[SLF4J(W): No SLF4J providers were found.
SLF4J(W): Defaulting to no-operation (NOP) logger implementation
SLF4J(W): See https://www.slf4j.org/codes.html#noProviders for further details.
]]></system-err>
  </testcase>
</testsuite>